<?xml version="1.0" encoding="UTF-8"?>
<!-- Generated by org.testng.reporters.JUnitReportReporter -->
<testsuite hostname="AKM_Laptop" failures="0" tests="2" name="com.TestNG.FirstProject.TestNG_Automation" time="4.135" errors="0" timestamp="2024-01-10T12:04:14 EST" skipped="1">
  <testcase classname="com.TestNG.FirstProject.TestNG_Automation" name="selectLoginOption" time="4.135"/>
  <testcase classname="com.TestNG.FirstProject.TestNG_Automation" name="selectRegisterOption">
    <skipped/>
  </testcase> <!-- selectRegisterOption -->
</testsuite> <!-- com.TestNG.FirstProject.TestNG_Automation -->
