<?xml version="1.0" encoding="UTF-8"?>
<!-- Generated by org.testng.reporters.JUnitReportReporter -->
<testsuite hostname="AKM_Laptop" failures="0" tests="1" name="com.automation.Oct14.Assignment_1_RediffLogin" time="9.435" errors="0" timestamp="2024-01-17T18:11:18 EST" skipped="0">
  <testcase classname="com.automation.Oct14.Assignment_1_RediffLogin" name="loginNoCredentials" time="9.435"/>
</testsuite> <!-- com.automation.Oct14.Assignment_1_RediffLogin -->
