<?xml version="1.0" encoding="UTF-8"?>
<!-- Generated by org.testng.reporters.JUnitReportReporter -->
<testsuite hostname="AKM_Laptop" failures="0" tests="3" name="com.automation.Oct14.Enabling_Disabling_Test_Case" time="0.007" errors="0" timestamp="2024-01-17T13:55:35 EST" skipped="1">
  <testcase classname="com.automation.Oct14.Enabling_Disabling_Test_Case" name="logic1" time="0.006"/>
  <testcase classname="com.automation.Oct14.Enabling_Disabling_Test_Case" name="logic3" time="0.001"/>
  <testcase classname="com.automation.Oct14.Enabling_Disabling_Test_Case" name="logic2">
    <skipped/>
  </testcase> <!-- logic2 -->
</testsuite> <!-- com.automation.Oct14.Enabling_Disabling_Test_Case -->
