<?xml version="1.0" encoding="UTF-8"?>
<!-- Generated by org.testng.reporters.JUnitReportReporter -->
<testsuite hostname="AKM_Laptop" failures="0" tests="3" name="com.automation.Oct8_TestNG_Repeat.Class_Assigment_2" time="13.288" errors="0" timestamp="2024-01-16T19:14:45 EST" skipped="0">
  <testcase classname="com.automation.Oct8_TestNG_Repeat.Class_Assigment_2" name="verifyRegisterWithMandatoryDetails" time="4.193"/>
  <testcase classname="com.automation.Oct8_TestNG_Repeat.Class_Assigment_2" name="verifyRegisterWithAllDetails" time="4.235"/>
  <testcase classname="com.automation.Oct8_TestNG_Repeat.Class_Assigment_2" name="verifyLoginWithNoDetails" time="4.860"/>
</testsuite> <!-- com.automation.Oct8_TestNG_Repeat.Class_Assigment_2 -->
