<?xml version="1.0" encoding="UTF-8"?>
<!-- Generated by org.testng.reporters.JUnitReportReporter -->
<testsuite hostname="AKM_Laptop" failures="0" tests="3" name="com.automation.Oct15_TestNG_Repeat_DataDrivenTesting.DataProvider_TN_Different_Class_Assignment" time="15.328" errors="0" timestamp="2024-01-18T21:01:44 EST" skipped="0">
  <testcase classname="com.automation.Oct15_TestNG_Repeat_DataDrivenTesting.DataProvider_TN_Different_Class_Assignment" name="loginTutorialsNinjaDataProviderDifferentClass" time="5.434"/>
  <testcase classname="com.automation.Oct15_TestNG_Repeat_DataDrivenTesting.DataProvider_TN_Different_Class_Assignment" name="loginTutorialsNinjaDataProviderDifferentClass" time="4.947"/>
  <testcase classname="com.automation.Oct15_TestNG_Repeat_DataDrivenTesting.DataProvider_TN_Different_Class_Assignment" name="loginTutorialsNinjaDataProviderDifferentClass" time="4.947"/>
</testsuite> <!-- com.automation.Oct15_TestNG_Repeat_DataDrivenTesting.DataProvider_TN_Different_Class_Assignment -->
