<?xml version="1.0" encoding="UTF-8"?>
<!-- Generated by org.testng.reporters.JUnitReportReporter -->
<testsuite hostname="AKM_Laptop" failures="0" tests="1" name="com.automation.Oct15_TestNG_Repeat_DataDrivenTesting.DataProvider_TN_SameClass" time="5.978" errors="0" timestamp="2024-01-18T20:48:56 EST" skipped="0">
  <testcase classname="com.automation.Oct15_TestNG_Repeat_DataDrivenTesting.DataProvider_TN_SameClass" name="loginSameClassDataProviderTN" time="5.978"/>
</testsuite> <!-- com.automation.Oct15_TestNG_Repeat_DataDrivenTesting.DataProvider_TN_SameClass -->
