<?xml version="1.0" encoding="UTF-8"?>
<!-- Generated by org.testng.reporters.JUnitReportReporter -->
<testsuite hostname="AKM_Laptop" failures="0" tests="1" name="com.automation.Oct8_TestNG_Repeat.Why_Not_To_IntroduceMainMethod" time="0.005" errors="0" timestamp="2024-01-16T17:42:04 EST" skipped="0">
  <testcase classname="com.automation.Oct8_TestNG_Repeat.Why_Not_To_IntroduceMainMethod" name="executionEngine" time="0.005"/>
</testsuite> <!-- com.automation.Oct8_TestNG_Repeat.Why_Not_To_IntroduceMainMethod -->
