<?xml version="1.0" encoding="UTF-8"?>
<!-- Generated by org.testng.reporters.JUnitReportReporter -->
<testsuite hostname="AKM_Laptop" failures="0" tests="1" name="com.automation.Nov11_ToolTip.Rediff_ToolTips" time="3.561" errors="0" timestamp="2024-01-24T19:45:11 EST" skipped="0">
  <testcase classname="com.automation.Nov11_ToolTip.Rediff_ToolTips" name="loginTest" time="3.561"/>
</testsuite> <!-- com.automation.Nov11_ToolTip.Rediff_ToolTips -->
