<?xml version="1.0" encoding="UTF-8"?>
<!-- Generated by org.testng.reporters.JUnitReportReporter -->
<testsuite hostname="AKM_Laptop" failures="0" tests="1" name="com.automation.Nov11_Dyanmic_DropDown.Auto_Suggest_DropDown" time="11.691" errors="0" timestamp="2024-01-24T21:26:26 EST" skipped="0">
  <testcase classname="com.automation.Nov11_Dyanmic_DropDown.Auto_Suggest_DropDown" name="autoSelectionDropdown" time="11.691"/>
</testsuite> <!-- com.automation.Nov11_Dyanmic_DropDown.Auto_Suggest_DropDown -->
