<?xml version="1.0" encoding="UTF-8"?>
<!-- Generated by org.testng.reporters.JUnitReportReporter -->
<testsuite hostname="AKM_Laptop" failures="0" tests="5" name="com.automation.Oct29_TestNG.Groups" time="0.006" errors="0" timestamp="2024-01-22T13:50:38 EST" skipped="0">
  <testcase classname="com.automation.Oct29_TestNG.Groups" name="tc1" time="0.005"/>
  <testcase classname="com.automation.Oct29_TestNG.Groups" name="tc4" time="0.000"/>
  <testcase classname="com.automation.Oct29_TestNG.Groups" name="tc3" time="0.001"/>
  <testcase classname="com.automation.Oct29_TestNG.Groups" name="tc5" time="0.000"/>
  <testcase classname="com.automation.Oct29_TestNG.Groups" name="tc2" time="0.000"/>
</testsuite> <!-- com.automation.Oct29_TestNG.Groups -->
