<?xml version="1.0" encoding="UTF-8"?>
<!-- Generated by org.testng.reporters.JUnitReportReporter -->
<testsuite hostname="AKM_Laptop" failures="0" tests="1" name="com.automation.Nov11_Waits_in_Selenium.TN_ImplicitWait" time="5.402" errors="0" timestamp="2024-01-24T12:38:34 EST" skipped="0">
  <testcase classname="com.automation.Nov11_Waits_in_Selenium.TN_ImplicitWait" name="tnExplicitWebDriverWaitTest" time="5.402"/>
</testsuite> <!-- com.automation.Nov11_Waits_in_Selenium.TN_ImplicitWait -->
