<?xml version="1.0" encoding="UTF-8"?>
<!-- Generated by org.testng.reporters.JUnitReportReporter -->
<testsuite hostname="AKM_Laptop" failures="0" tests="3" name="com.TestNG.FirstProject.TriCombo_Annotations" time="0.014" errors="0" timestamp="2024-01-09T22:48:43 EST" skipped="0">
  <testcase classname="com.TestNG.FirstProject.TriCombo_Annotations" name="testCase1" time="0.001"/>
  <testcase classname="com.TestNG.FirstProject.TriCombo_Annotations" name="testcase2" time="0.007"/>
  <testcase classname="com.TestNG.FirstProject.TriCombo_Annotations" name="Testcase3" time="0.006"/>
</testsuite> <!-- com.TestNG.FirstProject.TriCombo_Annotations -->
