<?xml version="1.0" encoding="UTF-8"?>
<!-- Generated by org.testng.reporters.JUnitReportReporter -->
<testsuite hostname="AKM_Laptop" failures="0" tests="2" name="com.TestNG.FirstProject.TestNG_Basics" time="8.536" errors="0" timestamp="2024-01-10T12:17:58 EST" skipped="0">
  <testcase classname="com.TestNG.FirstProject.TestNG_Basics" name="LoginOption" time="4.652"/>
  <testcase classname="com.TestNG.FirstProject.TestNG_Basics" name="RegisterOption" time="3.884"/>
</testsuite> <!-- com.TestNG.FirstProject.TestNG_Basics -->
