<?xml version="1.0" encoding="UTF-8"?>
<!-- Generated by org.testng.reporters.JUnitReportReporter -->
<testsuite hostname="AKM_Laptop" failures="0" tests="2" name="com.TestNG.FirstProject.Annotations_TestNG" time="0.007" errors="0" timestamp="2024-01-09T22:37:01 EST" skipped="0">
  <testcase classname="com.TestNG.FirstProject.Annotations_TestNG" name="testCase1" time="0.004"/>
  <testcase classname="com.TestNG.FirstProject.Annotations_TestNG" name="testcase2" time="0.003"/>
</testsuite> <!-- com.TestNG.FirstProject.Annotations_TestNG -->
