<?xml version="1.0" encoding="UTF-8"?>
<!-- Generated by org.testng.reporters.JUnitReportReporter -->
<testsuite hostname="AKM_Laptop" failures="0" tests="5" name="com.TestNG.Sep30.Strings_Validation" time="28.889" errors="0" timestamp="2024-01-11T12:19:47 EST" skipped="0">
  <testcase classname="com.TestNG.Sep30.Strings_Validation" name="CheckingEqualsMethod" time="5.963"/>
  <testcase classname="com.TestNG.Sep30.Strings_Validation" name="logoutVerify" time="5.965"/>
  <testcase classname="com.TestNG.Sep30.Strings_Validation" name="TestChangeYourPassword" time="5.460"/>
  <testcase classname="com.TestNG.Sep30.Strings_Validation" name="modifyYourWishList" time="6.395"/>
  <testcase classname="com.TestNG.Sep30.Strings_Validation" name="modifyAdressBook" time="5.106"/>
</testsuite> <!-- com.TestNG.Sep30.Strings_Validation -->
