<?xml version="1.0" encoding="UTF-8"?>
<!-- Generated by org.testng.reporters.JUnitReportReporter -->
<testsuite hostname="AKM_Laptop" failures="0" tests="6" name="com.automation.Oct14.Assertions_Assert" time="28.253" errors="0" timestamp="2024-01-17T17:12:13 EST" skipped="1">
  <testcase classname="com.automation.Oct14.Assertions_Assert" name="verifyLoginWithValidCredentials" time="7.501"/>
  <testcase classname="com.automation.Oct14.Assertions_Assert" name="verifyLoginWithInvalidCredentials" time="5.175"/>
  <testcase classname="com.automation.Oct14.Assertions_Assert" name="verifyLoginWithValidEmailInvalidPassword" time="4.770"/>
  <testcase classname="com.automation.Oct14.Assertions_Assert" name="veriftyLoginWithInvalidEmailValidPassword" time="5.423"/>
  <testcase classname="com.automation.Oct14.Assertions_Assert" name="verifyLoginWithNoCredentials" time="5.384"/>
  <testcase classname="com.automation.Oct14.Assertions_Assert" name="explainAssertions">
    <skipped/>
  </testcase> <!-- explainAssertions -->
</testsuite> <!-- com.automation.Oct14.Assertions_Assert -->
