<?xml version="1.0" encoding="UTF-8"?>
<!-- Generated by org.testng.reporters.JUnitReportReporter -->
<testsuite hostname="AKM_Laptop" failures="0" tests="1" name="com.automation.Nov11_Zoom_In_Out.Rediff_ZoomIn_Out" time="4.611" errors="0" timestamp="2024-01-24T17:54:53 EST" skipped="0">
  <testcase classname="com.automation.Nov11_Zoom_In_Out.Rediff_ZoomIn_Out" name="loginTest" time="4.611"/>
</testsuite> <!-- com.automation.Nov11_Zoom_In_Out.Rediff_ZoomIn_Out -->
