<?xml version="1.0" encoding="UTF-8"?>
<!-- Generated by org.testng.reporters.JUnitReportReporter -->
<testsuite hostname="AKM_Laptop" failures="0" tests="3" name="com.automation.Oct21_Application_Of_OOPs.RegisterTest" time="16.589" errors="0" timestamp="2024-01-19T21:56:48 EST" skipped="0">
  <testcase classname="com.automation.Oct21_Application_Of_OOPs.RegisterTest" name="verifyRegisterWithMandatoryFields" time="6.115"/>
  <testcase classname="com.automation.Oct21_Application_Of_OOPs.RegisterTest" name="verifyRegisterWithAllFields" time="5.473"/>
  <testcase classname="com.automation.Oct21_Application_Of_OOPs.RegisterTest" name="verifyRegisterWithExistingEmail" time="5.001"/>
</testsuite> <!-- com.automation.Oct21_Application_Of_OOPs.RegisterTest -->
