<?xml version="1.0" encoding="UTF-8"?>
<!-- Generated by org.testng.reporters.JUnitReportReporter -->
<testsuite hostname="AKM_Laptop" failures="0" tests="10" name="com.TestNG.Sep30.RunATestMultipleTimes" time="57.189" errors="0" timestamp="2024-01-11T16:01:36 EST" skipped="0">
  <testcase classname="com.TestNG.Sep30.RunATestMultipleTimes" name="openBrowser" time="6.128"/>
  <testcase classname="com.TestNG.Sep30.RunATestMultipleTimes" name="openBrowser" time="5.210"/>
  <testcase classname="com.TestNG.Sep30.RunATestMultipleTimes" name="openBrowser" time="6.006"/>
  <testcase classname="com.TestNG.Sep30.RunATestMultipleTimes" name="openBrowser" time="5.485"/>
  <testcase classname="com.TestNG.Sep30.RunATestMultipleTimes" name="openBrowser" time="5.275"/>
  <testcase classname="com.TestNG.Sep30.RunATestMultipleTimes" name="openBrowser" time="5.859"/>
  <testcase classname="com.TestNG.Sep30.RunATestMultipleTimes" name="openBrowser" time="5.756"/>
  <testcase classname="com.TestNG.Sep30.RunATestMultipleTimes" name="openBrowser" time="6.267"/>
  <testcase classname="com.TestNG.Sep30.RunATestMultipleTimes" name="openBrowser" time="5.746"/>
  <testcase classname="com.TestNG.Sep30.RunATestMultipleTimes" name="openBrowser" time="5.457"/>
</testsuite> <!-- com.TestNG.Sep30.RunATestMultipleTimes -->
