<?xml version="1.0" encoding="UTF-8"?>
<!-- Generated by org.testng.reporters.JUnitReportReporter -->
<testsuite hostname="AKM_Laptop" failures="0" tests="1" name="com.automation.Oct29_TestNG_SuiteFiles_Regression_Suite.Regression_Login_Test" time="0.001" errors="0" timestamp="2024-01-22T14:47:02 EST" skipped="0">
  <testcase classname="com.automation.Oct29_TestNG_SuiteFiles_Regression_Suite.Regression_Login_Test" name="regressionLoginValidation" time="0.001"/>
</testsuite> <!-- com.automation.Oct29_TestNG_SuiteFiles_Regression_Suite.Regression_Login_Test -->
