<?xml version="1.0" encoding="UTF-8"?>
<!-- Generated by org.testng.reporters.JUnitReportReporter -->
<testsuite hostname="AKM_Laptop" failures="0" tests="1" name="com.java.Nov11_Waits_in_Selenium.Facebook_ImplicitWaits" time="3.743" errors="0" timestamp="2024-01-24T14:21:33 EST" skipped="0">
  <testcase classname="com.java.Nov11_Waits_in_Selenium.Facebook_ImplicitWaits" name="facebookDriverWaitTest" time="3.743"/>
</testsuite> <!-- com.java.Nov11_Waits_in_Selenium.Facebook_ImplicitWaits -->
