<?xml version="1.0" encoding="UTF-8"?>
<!-- Generated by org.testng.reporters.JUnitReportReporter -->
<testsuite hostname="AKM_Laptop" failures="0" tests="1" name="com.automation.Nov5_Multiple_Web_Elements.Class_1_Handling_Multiple_WebElements" time="8.741" errors="0" timestamp="2024-01-23T16:21:37 EST" skipped="0">
  <testcase classname="com.automation.Nov5_Multiple_Web_Elements.Class_1_Handling_Multiple_WebElements" name="bbcDotCom" time="8.741"/>
</testsuite> <!-- com.automation.Nov5_Multiple_Web_Elements.Class_1_Handling_Multiple_WebElements -->
