<?xml version="1.0" encoding="UTF-8"?>
<!-- Generated by org.testng.reporters.JUnitReportReporter -->
<testsuite hostname="AKM_Laptop" failures="0" tests="5" name="com.automation.Oct8_TestNG_Repeat.Understanding_ChromeOptions" time="24.731" errors="0" timestamp="2024-01-16T18:47:08 EST" skipped="0">
  <testcase classname="com.automation.Oct8_TestNG_Repeat.Understanding_ChromeOptions" name="verifyLoginWithValidCredentials" time="5.811"/>
  <testcase classname="com.automation.Oct8_TestNG_Repeat.Understanding_ChromeOptions" name="verifyLoginWithInvalidCredentials" time="4.398"/>
  <testcase classname="com.automation.Oct8_TestNG_Repeat.Understanding_ChromeOptions" name="verifyLoginWithInvalidEmailValidPassword" time="4.785"/>
  <testcase classname="com.automation.Oct8_TestNG_Repeat.Understanding_ChromeOptions" name="verifyLoginWithValidEmailInvalidPassword" time="4.836"/>
  <testcase classname="com.automation.Oct8_TestNG_Repeat.Understanding_ChromeOptions" name="verifyLoginWithNoCredentials" time="4.901"/>
</testsuite> <!-- com.automation.Oct8_TestNG_Repeat.Understanding_ChromeOptions -->
