<?xml version="1.0" encoding="UTF-8"?>
<!-- Generated by org.testng.reporters.JUnitReportReporter -->
<testsuite hostname="AKM_Laptop" failures="0" tests="1" name="com.automation.Nov11_Mouse_Actions_in_Selenium.Example1" time="2.604" errors="0" timestamp="2024-01-24T16:22:26 EST" skipped="0">
  <testcase classname="com.automation.Nov11_Mouse_Actions_in_Selenium.Example1" name="dragAndDropMouseAcctions" time="2.604"/>
</testsuite> <!-- com.automation.Nov11_Mouse_Actions_in_Selenium.Example1 -->
