<?xml version="1.0" encoding="UTF-8"?>
<!-- Generated by org.testng.reporters.JUnitReportReporter -->
<testsuite hostname="AKM_Laptop" failures="0" tests="1" name="com.automation.Oct15_TestNG_testing.xml.Parameterization_Using_testNG_xmlFile" time="4.403" errors="0" timestamp="2024-01-19T21:55:12 EST" skipped="0">
  <testcase classname="com.automation.Oct15_TestNG_testing.xml.Parameterization_Using_testNG_xmlFile" name="verifyLoginWithValidCredentials" time="4.403"/>
</testsuite> <!-- com.automation.Oct15_TestNG_testing.xml.Parameterization_Using_testNG_xmlFile -->
