<?xml version="1.0" encoding="UTF-8"?>
<!-- Generated by org.testng.reporters.JUnitReportReporter -->
<testsuite hostname="AKM_Laptop" failures="0" tests="1" name="com.automation.Oct8_TestNG_Repeat.TestNG_Annotations" time="0.008" errors="0" timestamp="2024-01-16T18:02:01 EST" skipped="0">
  <testcase classname="com.automation.Oct8_TestNG_Repeat.TestNG_Annotations" name="testCase1" time="0.008"/>
</testsuite> <!-- com.automation.Oct8_TestNG_Repeat.TestNG_Annotations -->
