<?xml version="1.0" encoding="UTF-8"?>
<!-- Generated by org.testng.reporters.JUnitReportReporter -->
<testsuite hostname="AKM_Laptop" failures="0" tests="1" name="com.automation.Oct7th_ApplicationsOfMethodsInAutomation.Program_1" time="5.203" errors="0" timestamp="2024-01-16T15:04:09 EST" skipped="0">
  <testcase classname="com.automation.Oct7th_ApplicationsOfMethodsInAutomation.Program_1" name="intializeBrowserAndOpenApplication" time="5.203"/>
</testsuite> <!-- com.automation.Oct7th_ApplicationsOfMethodsInAutomation.Program_1 -->
