<?xml version="1.0" encoding="UTF-8"?>
<!-- Generated by org.testng.reporters.JUnitReportReporter -->
<testsuite hostname="AKM_Laptop" failures="0" tests="1" name="com.automation.Nov12_Brave_Browser.Rediff_Login" time="7.674" errors="0" timestamp="2024-01-25T04:29:24 EST" skipped="0">
  <testcase classname="com.automation.Nov12_Brave_Browser.Rediff_Login" name="checkingBraveBrowser" time="7.674"/>
</testsuite> <!-- com.automation.Nov12_Brave_Browser.Rediff_Login -->
