<?xml version="1.0" encoding="UTF-8"?>
<!-- Generated by org.testng.reporters.JUnitReportReporter -->
<testsuite hostname="AKM_Laptop" failures="0" tests="1" name="com.automation.Nov11_Keyboard_Actions_in_Selenium.Example1" time="5.827" errors="0" timestamp="2024-01-24T17:07:04 EST" skipped="0">
  <testcase classname="com.automation.Nov11_Keyboard_Actions_in_Selenium.Example1" name="keyBoardActions" time="5.827"/>
</testsuite> <!-- com.automation.Nov11_Keyboard_Actions_in_Selenium.Example1 -->
