<?xml version="1.0" encoding="UTF-8"?>
<!-- Generated by org.testng.reporters.JUnitReportReporter -->
<testsuite hostname="AKM_Laptop" failures="0" tests="7" name="com.automation.Oct14.Executing_A_TestCase_Multiple_Times" time="0.011" errors="0" timestamp="2024-01-17T14:41:13 EST" skipped="0">
  <testcase classname="com.automation.Oct14.Executing_A_TestCase_Multiple_Times" name="logic1" time="0.006"/>
  <testcase classname="com.automation.Oct14.Executing_A_TestCase_Multiple_Times" name="logic2" time="0.001"/>
  <testcase classname="com.automation.Oct14.Executing_A_TestCase_Multiple_Times" name="logic3" time="0.001"/>
  <testcase classname="com.automation.Oct14.Executing_A_TestCase_Multiple_Times" name="logic3" time="0.001"/>
  <testcase classname="com.automation.Oct14.Executing_A_TestCase_Multiple_Times" name="logic3" time="0.001"/>
  <testcase classname="com.automation.Oct14.Executing_A_TestCase_Multiple_Times" name="logic3" time="0.000"/>
  <testcase classname="com.automation.Oct14.Executing_A_TestCase_Multiple_Times" name="logic3" time="0.001"/>
</testsuite> <!-- com.automation.Oct14.Executing_A_TestCase_Multiple_Times -->
