<?xml version="1.0" encoding="UTF-8"?>
<!-- Generated by org.testng.reporters.JUnitReportReporter -->
<testsuite hostname="AKM_Laptop" failures="0" tests="1" name="com.automation.Nov11_Keyboard_Actions_in_Selenium.Example_2_More_efficient_keys" time="5.574" errors="0" timestamp="2024-01-25T05:31:44 EST" skipped="0">
  <testcase classname="com.automation.Nov11_Keyboard_Actions_in_Selenium.Example_2_More_efficient_keys" name="rediffLoginTest2" time="5.574"/>
</testsuite> <!-- com.automation.Nov11_Keyboard_Actions_in_Selenium.Example_2_More_efficient_keys -->
