<?xml version="1.0" encoding="UTF-8"?>
<!-- Generated by org.testng.reporters.JUnitReportReporter -->
<testsuite hostname="AKM_Laptop" failures="0" tests="1" name="com.automation.Nov12_Screenshots.Example1" time="2.949" errors="0" timestamp="2024-01-25T05:05:22 EST" skipped="0">
  <testcase classname="com.automation.Nov12_Screenshots.Example1" name="shaadiLogoScreenshot" time="2.949"/>
</testsuite> <!-- com.automation.Nov12_Screenshots.Example1 -->
