<?xml version="1.0" encoding="UTF-8"?>
<!-- Generated by org.testng.reporters.JUnitReportReporter -->
<testsuite hostname="AKM_Laptop" failures="0" tests="4" name="com.TestNG.Oct1.DataProvider_TutorialsNinja" time="22.614" errors="0" timestamp="2024-01-12T17:37:18 EST" skipped="0">
  <testcase classname="com.TestNG.Oct1.DataProvider_TutorialsNinja" name="login" time="5.445"/>
  <testcase classname="com.TestNG.Oct1.DataProvider_TutorialsNinja" name="login" time="5.249"/>
  <testcase classname="com.TestNG.Oct1.DataProvider_TutorialsNinja" name="login" time="6.214"/>
  <testcase classname="com.TestNG.Oct1.DataProvider_TutorialsNinja" name="login" time="5.706"/>
</testsuite> <!-- com.TestNG.Oct1.DataProvider_TutorialsNinja -->
