<?xml version="1.0" encoding="UTF-8"?>
<!-- Generated by org.testng.reporters.JUnitReportReporter -->
<testsuite hostname="AKM_Laptop" failures="0" tests="3" name="com.automation.Oct15_TestNG_testing.xml.Register_Test" time="20.056" errors="0" timestamp="2024-01-19T15:19:38 EST" skipped="0">
  <testcase classname="com.automation.Oct15_TestNG_testing.xml.Register_Test" name="verifyRegisterWithMandatoryFields" time="5.711"/>
  <testcase classname="com.automation.Oct15_TestNG_testing.xml.Register_Test" name="verifyRegisterWithExistingEmail" time="8.510"/>
  <testcase classname="com.automation.Oct15_TestNG_testing.xml.Register_Test" name="verifyRegisterWithAllFields" time="5.835"/>
</testsuite> <!-- com.automation.Oct15_TestNG_testing.xml.Register_Test -->
