<?xml version="1.0" encoding="UTF-8"?>
<!-- Generated by org.testng.reporters.JUnitReportReporter -->
<testsuite hostname="AKM_Laptop" failures="0" tests="8" name="com.automation.Oct15_TestNG_Repeat_DataDrivenTesting.ExcelCode" time="35.990" errors="0" timestamp="2024-01-19T13:42:41 EST" skipped="0">
  <testcase classname="com.automation.Oct15_TestNG_Repeat_DataDrivenTesting.ExcelCode" name="loginTNTest" time="4.240"/>
  <testcase classname="com.automation.Oct15_TestNG_Repeat_DataDrivenTesting.ExcelCode" name="loginTNTest" time="4.818"/>
  <testcase classname="com.automation.Oct15_TestNG_Repeat_DataDrivenTesting.ExcelCode" name="loginTNTest" time="4.448"/>
  <testcase classname="com.automation.Oct15_TestNG_Repeat_DataDrivenTesting.ExcelCode" name="loginTNTest" time="4.247"/>
  <testcase classname="com.automation.Oct15_TestNG_Repeat_DataDrivenTesting.ExcelCode" name="loginTNTest" time="5.667"/>
  <testcase classname="com.automation.Oct15_TestNG_Repeat_DataDrivenTesting.ExcelCode" name="loginTNTest" time="4.123"/>
  <testcase classname="com.automation.Oct15_TestNG_Repeat_DataDrivenTesting.ExcelCode" name="loginTNTest" time="4.169"/>
  <testcase classname="com.automation.Oct15_TestNG_Repeat_DataDrivenTesting.ExcelCode" name="loginTNTest" time="4.278"/>
</testsuite> <!-- com.automation.Oct15_TestNG_Repeat_DataDrivenTesting.ExcelCode -->
