<?xml version="1.0" encoding="UTF-8"?>
<!-- Generated by org.testng.reporters.JUnitReportReporter -->
<testsuite hostname="AKM_Laptop" failures="0" tests="1" name="com.automation.Oct22_Application_Of_OOPs_Encapsulation.Login_Test" time="5.622" errors="0" timestamp="2024-01-21T12:06:58 EST" skipped="0">
  <testcase classname="com.automation.Oct22_Application_Of_OOPs_Encapsulation.Login_Test" name="loginValidCredentials" time="5.622"/>
</testsuite> <!-- com.automation.Oct22_Application_Of_OOPs_Encapsulation.Login_Test -->
