<?xml version="1.0" encoding="UTF-8"?>
<!-- Generated by org.testng.reporters.JUnitReportReporter -->
<testsuite hostname="AKM_Laptop" failures="0" tests="1" name="com.automation.Nov11_Dyanmic_DropDown.Looping_Dropdown" time="15.378" errors="0" timestamp="2024-01-24T20:53:22 EST" skipped="0">
  <testcase classname="com.automation.Nov11_Dyanmic_DropDown.Looping_Dropdown" name="spiceJetsDropdownLooping" time="15.378"/>
</testsuite> <!-- com.automation.Nov11_Dyanmic_DropDown.Looping_Dropdown -->
