<?xml version="1.0" encoding="UTF-8"?>
<!-- Generated by org.testng.reporters.JUnitReportReporter -->
<testsuite hostname="AKM_Laptop" failures="0" tests="3" name="com.automation.Oct15_TestNG_testing.xml.Login_Test" time="12.168" errors="0" timestamp="2024-01-19T15:19:38 EST" skipped="0">
  <testcase classname="com.automation.Oct15_TestNG_testing.xml.Login_Test" name="verifyLoginWithValidCredentials" time="4.235"/>
  <testcase classname="com.automation.Oct15_TestNG_testing.xml.Login_Test" name="verifyLoginWithInvalidCrendentials" time="3.695"/>
  <testcase classname="com.automation.Oct15_TestNG_testing.xml.Login_Test" name="verifyLoginWithInvalidEmail" time="4.238"/>
</testsuite> <!-- com.automation.Oct15_TestNG_testing.xml.Login_Test -->
