<?xml version="1.0" encoding="UTF-8"?>
<!-- Generated by org.testng.reporters.JUnitReportReporter -->
<testsuite hostname="AKM_Laptop" failures="0" tests="3" name="com.automation.Oct21_Application_Of_OOPs.SearchProductTest" time="13.352" errors="0" timestamp="2024-01-19T21:56:48 EST" skipped="0">
  <testcase classname="com.automation.Oct21_Application_Of_OOPs.SearchProductTest" name="verifyValidProduct" time="4.394"/>
  <testcase classname="com.automation.Oct21_Application_Of_OOPs.SearchProductTest" name="verifyInvalidProduct" time="4.458"/>
  <testcase classname="com.automation.Oct21_Application_Of_OOPs.SearchProductTest" name="verifyNoProduct" time="4.500"/>
</testsuite> <!-- com.automation.Oct21_Application_Of_OOPs.SearchProductTest -->
