<?xml version="1.0" encoding="UTF-8"?>
<!-- Generated by org.testng.reporters.JUnitReportReporter -->
<testsuite hostname="AKM_Laptop" failures="0" tests="1" name="com.automation.Nov12_Webtables.RediffWebTable_Assignment" time="14.679" errors="0" timestamp="2024-01-25T13:37:37 EST" skipped="0">
  <testcase classname="com.automation.Nov12_Webtables.RediffWebTable_Assignment" name="assignment3" time="14.679"/>
</testsuite> <!-- com.automation.Nov12_Webtables.RediffWebTable_Assignment -->
