<?xml version="1.0" encoding="UTF-8"?>
<!-- Generated by org.testng.reporters.JUnitReportReporter -->
<testsuite hostname="AKM_Laptop" failures="0" tests="3" name="com.TestNG.Sep30.DependenciesOnMethods" time="20.587" errors="0" timestamp="2024-01-11T13:17:55 EST" skipped="0">
  <testcase classname="com.TestNG.Sep30.DependenciesOnMethods" name="login" time="6.973"/>
  <testcase classname="com.TestNG.Sep30.DependenciesOnMethods" name="logout" time="6.671"/>
  <testcase classname="com.TestNG.Sep30.DependenciesOnMethods" name="goBackToHomePage" time="6.943"/>
</testsuite> <!-- com.TestNG.Sep30.DependenciesOnMethods -->
