<?xml version="1.0" encoding="UTF-8"?>
<!-- Generated by org.testng.reporters.JUnitReportReporter -->
<testsuite hostname="AKM_Laptop" failures="0" tests="4" name="com.TestNG.Oct1.Test_Cases_Only" time="21.116" errors="0" timestamp="2024-01-12T18:14:27 EST" skipped="0">
  <testcase classname="com.TestNG.Oct1.Test_Cases_Only" name="loginTN" time="5.478"/>
  <testcase classname="com.TestNG.Oct1.Test_Cases_Only" name="loginTN" time="5.184"/>
  <testcase classname="com.TestNG.Oct1.Test_Cases_Only" name="loginTN" time="5.277"/>
  <testcase classname="com.TestNG.Oct1.Test_Cases_Only" name="loginTN" time="5.177"/>
</testsuite> <!-- com.TestNG.Oct1.Test_Cases_Only -->
