<?xml version="1.0" encoding="UTF-8"?>
<!-- Generated by org.testng.reporters.JUnitReportReporter -->
<testsuite hostname="AKM_Laptop" failures="0" tests="3" name="com.automation.Oct15_TestNG_testing.xml.Search_ProductTest" time="11.231" errors="0" timestamp="2024-01-19T15:19:38 EST" skipped="0">
  <testcase classname="com.automation.Oct15_TestNG_testing.xml.Search_ProductTest" name="verifyValidProduct" time="3.694"/>
  <testcase classname="com.automation.Oct15_TestNG_testing.xml.Search_ProductTest" name="verifyInvalidProduct" time="3.736"/>
  <testcase classname="com.automation.Oct15_TestNG_testing.xml.Search_ProductTest" name="verifyNoProduct" time="3.801"/>
</testsuite> <!-- com.automation.Oct15_TestNG_testing.xml.Search_ProductTest -->
