<?xml version="1.0" encoding="UTF-8"?>
<!-- Generated by org.testng.reporters.JUnitReportReporter -->
<testsuite hostname="AKM_Laptop" failures="0" tests="3" name="com.automation.Oct8_TestNG_Repeat.Class_Assignment_3" time="17.019" errors="0" timestamp="2024-01-16T19:39:32 EST" skipped="0">
  <testcase classname="com.automation.Oct8_TestNG_Repeat.Class_Assignment_3" name="searchValidProduct" time="8.692"/>
  <testcase classname="com.automation.Oct8_TestNG_Repeat.Class_Assignment_3" name="verifySearchInvalidProduct" time="4.051"/>
  <testcase classname="com.automation.Oct8_TestNG_Repeat.Class_Assignment_3" name="verifySearchNoProduct" time="4.276"/>
</testsuite> <!-- com.automation.Oct8_TestNG_Repeat.Class_Assignment_3 -->
