<?xml version="1.0" encoding="UTF-8"?>
<!-- Generated by org.testng.reporters.JUnitReportReporter -->
<testsuite hostname="AKM_Laptop" failures="0" tests="3" name="com.automation.Oct15_TestNG_Repeat_DataDrivenTesting.DataProvider_TestNG" time="0.005" errors="0" timestamp="2024-01-18T19:48:23 EST" skipped="0">
  <testcase classname="com.automation.Oct15_TestNG_Repeat_DataDrivenTesting.DataProvider_TestNG" name="loginTest" time="0.004"/>
  <testcase classname="com.automation.Oct15_TestNG_Repeat_DataDrivenTesting.DataProvider_TestNG" name="loginTest" time="0.000"/>
  <testcase classname="com.automation.Oct15_TestNG_Repeat_DataDrivenTesting.DataProvider_TestNG" name="loginTest" time="0.001"/>
</testsuite> <!-- com.automation.Oct15_TestNG_Repeat_DataDrivenTesting.DataProvider_TestNG -->
