<?xml version="1.0" encoding="UTF-8"?>
<!-- Generated by org.testng.reporters.JUnitReportReporter -->
<testsuite hostname="AKM_Laptop" failures="0" tests="4" name="com.automation.Oct14.Dependency_Between_TestCases" time="20.823" errors="0" timestamp="2024-01-17T14:25:25 EST" skipped="0">
  <testcase classname="com.automation.Oct14.Dependency_Between_TestCases" name="clickOnMyAccount" time="4.048"/>
  <testcase classname="com.automation.Oct14.Dependency_Between_TestCases" name="clickOnLogin" time="4.404"/>
  <testcase classname="com.automation.Oct14.Dependency_Between_TestCases" name="login" time="5.726"/>
  <testcase classname="com.automation.Oct14.Dependency_Between_TestCases" name="logout" time="6.645"/>
</testsuite> <!-- com.automation.Oct14.Dependency_Between_TestCases -->
