<?xml version="1.0" encoding="UTF-8"?>
<!-- Generated by org.testng.reporters.JUnitReportReporter -->
<testsuite hostname="AKM_Laptop" failures="0" tests="1" name="com.automation.Nov11_ScreenRecordering.Recording_Login_Test" time="11.077" errors="0" timestamp="2024-01-24T17:26:33 EST" skipped="0">
  <testcase classname="com.automation.Nov11_ScreenRecordering.Recording_Login_Test" name="recordingLoginTest" time="11.077"/>
</testsuite> <!-- com.automation.Nov11_ScreenRecordering.Recording_Login_Test -->
