<?xml version="1.0" encoding="UTF-8"?>
<!-- Generated by org.testng.reporters.JUnitReportReporter -->
<testsuite hostname="AKM_Laptop" failures="0" tests="1" name="com.automation.Oct14.Assignment_2_TN" time="15.617" errors="0" timestamp="2024-01-17T20:23:46 EST" skipped="0">
  <testcase classname="com.automation.Oct14.Assignment_2_TN" name="verifyRegisterWithExistingEmail" time="15.617"/>
</testsuite> <!-- com.automation.Oct14.Assignment_2_TN -->
