<?xml version="1.0" encoding="UTF-8"?>
<!-- Generated by org.testng.reporters.JUnitReportReporter -->
<testsuite hostname="AKM_Laptop" failures="0" tests="5" name="com.automation.Oct8_TestNG_Repeat.Class_Assignment_Oct8th" time="25.730" errors="0" timestamp="2024-01-16T18:23:55 EST" skipped="0">
  <testcase classname="com.automation.Oct8_TestNG_Repeat.Class_Assignment_Oct8th" name="verifyLoginWithValidCredentials" time="5.155"/>
  <testcase classname="com.automation.Oct8_TestNG_Repeat.Class_Assignment_Oct8th" name="verifyLoginWithInvalidCredentials" time="4.533"/>
  <testcase classname="com.automation.Oct8_TestNG_Repeat.Class_Assignment_Oct8th" name="verifyLoginWithInvalidEmailValidPassword" time="5.194"/>
  <testcase classname="com.automation.Oct8_TestNG_Repeat.Class_Assignment_Oct8th" name="verifyLoginWithValidEmailInvalidPassword" time="4.915"/>
  <testcase classname="com.automation.Oct8_TestNG_Repeat.Class_Assignment_Oct8th" name="verifyLoginWithNoCredentials" time="5.933"/>
</testsuite> <!-- com.automation.Oct8_TestNG_Repeat.Class_Assignment_Oct8th -->
