<?xml version="1.0" encoding="UTF-8"?>
<!-- Generated by org.testng.reporters.JUnitReportReporter -->
<testsuite hostname="AKM_Laptop" failures="0" tests="3" name="com.automation.Oct15_TestNG_Repeat_DataDrivenTesting.DataProvider_TN_SameClass_Assignment" time="15.589" errors="0" timestamp="2024-01-18T20:57:41 EST" skipped="0">
  <testcase classname="com.automation.Oct15_TestNG_Repeat_DataDrivenTesting.DataProvider_TN_SameClass_Assignment" name="loginSameClassDataProviderTN" time="4.806"/>
  <testcase classname="com.automation.Oct15_TestNG_Repeat_DataDrivenTesting.DataProvider_TN_SameClass_Assignment" name="loginSameClassDataProviderTN" time="5.437"/>
  <testcase classname="com.automation.Oct15_TestNG_Repeat_DataDrivenTesting.DataProvider_TN_SameClass_Assignment" name="loginSameClassDataProviderTN" time="5.346"/>
</testsuite> <!-- com.automation.Oct15_TestNG_Repeat_DataDrivenTesting.DataProvider_TN_SameClass_Assignment -->
